<?xml version="1.0"?><testsuites><testsuite errors="0" failures="0" name="Elixir.ElixirEssentialPracticeTest" tests="2" time="0.0000"><properties><property name="date" value="2020-05-28T15:30:35.670891Z"/><property name="seed" value="637125"/></properties><testcase file="test/elixir_essential_practice_test.exs" classname="Elixir.ElixirEssentialPracticeTest" name="doctest ElixirEssentialPractice.hello/0 (1)" time="0.0000"/><testcase file="test/elixir_essential_practice_test.exs" classname="Elixir.ElixirEssentialPracticeTest" name="test greets the world" time="0.0000"/></testsuite><testsuite errors="0" failures="0" name="Elixir.StringCalculatorTest" tests="6" time="0.0056"><properties><property name="date" value="2020-05-28T15:30:35.670891Z"/><property name="seed" value="637125"/></properties><testcase file="test/string_calculator_test.exs" classname="Elixir.StringCalculatorTest" name="test the string calculator supports any custom separator" time="0.0000"/><testcase file="test/string_calculator_test.exs" classname="Elixir.StringCalculatorTest" name="test the string calculator raise an error with negative numbers" time="0.0054"/><testcase file="test/string_calculator_test.exs" classname="Elixir.StringCalculatorTest" name="test the string calculator supports new line as separator" time="0.0000"/><testcase file="test/string_calculator_test.exs" classname="Elixir.StringCalculatorTest" name="test the string calculator exists" time="0.0000"/><testcase file="test/string_calculator_test.exs" classname="Elixir.StringCalculatorTest" name="test the string calculator evaluates two or more numbers" time="0.0000"/><testcase file="test/string_calculator_test.exs" classname="Elixir.StringCalculatorTest" name="test the string calculator return a number" time="0.0000"/></testsuite></testsuites>